:: loading settings :: url = jar:file:/opt/bitnami/spark/jars/ivy-2.5.0.jar!/org/apache/ivy/core/settings/ivysettings.xml
Ivy Default Cache set to: /opt/bitnami/spark/.ivy2/cache
The jars for the packages stored in: /opt/bitnami/spark/.ivy2/jars
org.apache.spark#spark-sql-kafka-0-10_2.12 added as a dependency
:: resolving dependencies :: org.apache.spark#spark-submit-parent-9f6e1ead-b491-40ac-9de5-c873f23883b8;1.0
	confs: [default]
	found org.apache.spark#spark-sql-kafka-0-10_2.12;3.1.2 in central
	found org.apache.spark#spark-token-provider-kafka-0-10_2.12;3.1.2 in central
	found org.apache.kafka#kafka-clients;2.6.0 in central
	found com.github.luben#zstd-jni;1.4.8-1 in central
	found org.lz4#lz4-java;1.7.1 in central
	found org.xerial.snappy#snappy-java;1.1.8.2 in central
	found org.slf4j#slf4j-api;1.7.30 in central
	found org.spark-project.spark#unused;1.0.0 in central
	found org.apache.commons#commons-pool2;2.6.2 in central
:: resolution report :: resolve 303ms :: artifacts dl 10ms
	:: modules in use:
	com.github.luben#zstd-jni;1.4.8-1 from central in [default]
	org.apache.commons#commons-pool2;2.6.2 from central in [default]
	org.apache.kafka#kafka-clients;2.6.0 from central in [default]
	org.apache.spark#spark-sql-kafka-0-10_2.12;3.1.2 from central in [default]
	org.apache.spark#spark-token-provider-kafka-0-10_2.12;3.1.2 from central in [default]
	org.lz4#lz4-java;1.7.1 from central in [default]
	org.slf4j#slf4j-api;1.7.30 from central in [default]
	org.spark-project.spark#unused;1.0.0 from central in [default]
	org.xerial.snappy#snappy-java;1.1.8.2 from central in [default]
	---------------------------------------------------------------------
	|                  |            modules            ||   artifacts   |
	|       conf       | number| search|dwnlded|evicted|| number|dwnlded|
	---------------------------------------------------------------------
	|      default     |   9   |   0   |   0   |   0   ||   9   |   0   |
	---------------------------------------------------------------------
:: retrieving :: org.apache.spark#spark-submit-parent-9f6e1ead-b491-40ac-9de5-c873f23883b8
	confs: [default]
	0 artifacts copied, 9 already retrieved (0kB/8ms)
22/07/29 22:35:59 WARN NativeCodeLoader: Unable to load native-hadoop library for your platform... using builtin-java classes where applicable
Using Spark's default log4j profile: org/apache/spark/log4j-defaults.properties
22/07/29 22:35:59 INFO SparkContext: Running Spark version 3.2.1
22/07/29 22:35:59 INFO ResourceUtils: ==============================================================
22/07/29 22:35:59 INFO ResourceUtils: No custom resources configured for spark.driver.
22/07/29 22:35:59 INFO ResourceUtils: ==============================================================
22/07/29 22:35:59 INFO SparkContext: Submitted application: __main__
22/07/29 22:35:59 INFO ResourceProfile: Default ResourceProfile created, executor resources: Map(cores -> name: cores, amount: 1, script: , vendor: , memory -> name: memory, amount: 1024, script: , vendor: , offHeap -> name: offHeap, amount: 0, script: , vendor: ), task resources: Map(cpus -> name: cpus, amount: 1.0)
22/07/29 22:35:59 INFO ResourceProfile: Limiting resource is cpu
22/07/29 22:35:59 INFO ResourceProfileManager: Added ResourceProfile id: 0
22/07/29 22:35:59 INFO SecurityManager: Changing view acls to: spark
22/07/29 22:35:59 INFO SecurityManager: Changing modify acls to: spark
22/07/29 22:35:59 INFO SecurityManager: Changing view acls groups to: 
22/07/29 22:35:59 INFO SecurityManager: Changing modify acls groups to: 
22/07/29 22:35:59 INFO SecurityManager: SecurityManager: authentication disabled; ui acls disabled; users  with view permissions: Set(spark); groups with view permissions: Set(); users  with modify permissions: Set(spark); groups with modify permissions: Set()
22/07/29 22:35:59 INFO Utils: Successfully started service 'sparkDriver' on port 40345.
22/07/29 22:35:59 INFO SparkEnv: Registering MapOutputTracker
22/07/29 22:36:00 INFO SparkEnv: Registering BlockManagerMaster
22/07/29 22:36:00 INFO BlockManagerMasterEndpoint: Using org.apache.spark.storage.DefaultTopologyMapper for getting topology information
22/07/29 22:36:00 INFO BlockManagerMasterEndpoint: BlockManagerMasterEndpoint up
22/07/29 22:36:00 INFO SparkEnv: Registering BlockManagerMasterHeartbeat
22/07/29 22:36:00 INFO DiskBlockManager: Created local directory at /tmp/blockmgr-11050b3d-f313-42e6-b2da-c2b04ac5e758
22/07/29 22:36:00 INFO MemoryStore: MemoryStore started with capacity 366.3 MiB
22/07/29 22:36:00 INFO SparkEnv: Registering OutputCommitCoordinator
22/07/29 22:36:00 INFO Utils: Successfully started service 'SparkUI' on port 4040.
22/07/29 22:36:00 INFO SparkUI: Bound SparkUI to 0.0.0.0, and started at http://5a7760f382d5:4040
22/07/29 22:36:00 INFO SparkContext: Added JAR file:///opt/bitnami/spark/.ivy2/jars/org.apache.spark_spark-sql-kafka-0-10_2.12-3.1.2.jar at spark://5a7760f382d5:40345/jars/org.apache.spark_spark-sql-kafka-0-10_2.12-3.1.2.jar with timestamp 1659134159700
22/07/29 22:36:00 INFO SparkContext: Added JAR file:///opt/bitnami/spark/.ivy2/jars/org.apache.spark_spark-token-provider-kafka-0-10_2.12-3.1.2.jar at spark://5a7760f382d5:40345/jars/org.apache.spark_spark-token-provider-kafka-0-10_2.12-3.1.2.jar with timestamp 1659134159700
22/07/29 22:36:00 INFO SparkContext: Added JAR file:///opt/bitnami/spark/.ivy2/jars/org.apache.kafka_kafka-clients-2.6.0.jar at spark://5a7760f382d5:40345/jars/org.apache.kafka_kafka-clients-2.6.0.jar with timestamp 1659134159700
22/07/29 22:36:00 INFO SparkContext: Added JAR file:///opt/bitnami/spark/.ivy2/jars/org.apache.commons_commons-pool2-2.6.2.jar at spark://5a7760f382d5:40345/jars/org.apache.commons_commons-pool2-2.6.2.jar with timestamp 1659134159700
22/07/29 22:36:00 INFO SparkContext: Added JAR file:///opt/bitnami/spark/.ivy2/jars/org.spark-project.spark_unused-1.0.0.jar at spark://5a7760f382d5:40345/jars/org.spark-project.spark_unused-1.0.0.jar with timestamp 1659134159700
22/07/29 22:36:00 INFO SparkContext: Added JAR file:///opt/bitnami/spark/.ivy2/jars/com.github.luben_zstd-jni-1.4.8-1.jar at spark://5a7760f382d5:40345/jars/com.github.luben_zstd-jni-1.4.8-1.jar with timestamp 1659134159700
22/07/29 22:36:00 INFO SparkContext: Added JAR file:///opt/bitnami/spark/.ivy2/jars/org.lz4_lz4-java-1.7.1.jar at spark://5a7760f382d5:40345/jars/org.lz4_lz4-java-1.7.1.jar with timestamp 1659134159700
22/07/29 22:36:00 INFO SparkContext: Added JAR file:///opt/bitnami/spark/.ivy2/jars/org.xerial.snappy_snappy-java-1.1.8.2.jar at spark://5a7760f382d5:40345/jars/org.xerial.snappy_snappy-java-1.1.8.2.jar with timestamp 1659134159700
22/07/29 22:36:00 INFO SparkContext: Added JAR file:///opt/bitnami/spark/.ivy2/jars/org.slf4j_slf4j-api-1.7.30.jar at spark://5a7760f382d5:40345/jars/org.slf4j_slf4j-api-1.7.30.jar with timestamp 1659134159700
22/07/29 22:36:00 INFO SparkContext: Added file file:///opt/bitnami/spark/.ivy2/jars/org.apache.spark_spark-sql-kafka-0-10_2.12-3.1.2.jar at file:///opt/bitnami/spark/.ivy2/jars/org.apache.spark_spark-sql-kafka-0-10_2.12-3.1.2.jar with timestamp 1659134159700
22/07/29 22:36:00 INFO Utils: Copying /opt/bitnami/spark/.ivy2/jars/org.apache.spark_spark-sql-kafka-0-10_2.12-3.1.2.jar to /tmp/spark-ef6744fa-40a1-445e-908e-f2ec922679b8/userFiles-c827360a-8542-43b9-8c47-30df89996de9/org.apache.spark_spark-sql-kafka-0-10_2.12-3.1.2.jar
22/07/29 22:36:00 INFO SparkContext: Added file file:///opt/bitnami/spark/.ivy2/jars/org.apache.spark_spark-token-provider-kafka-0-10_2.12-3.1.2.jar at file:///opt/bitnami/spark/.ivy2/jars/org.apache.spark_spark-token-provider-kafka-0-10_2.12-3.1.2.jar with timestamp 1659134159700
22/07/29 22:36:00 INFO Utils: Copying /opt/bitnami/spark/.ivy2/jars/org.apache.spark_spark-token-provider-kafka-0-10_2.12-3.1.2.jar to /tmp/spark-ef6744fa-40a1-445e-908e-f2ec922679b8/userFiles-c827360a-8542-43b9-8c47-30df89996de9/org.apache.spark_spark-token-provider-kafka-0-10_2.12-3.1.2.jar
22/07/29 22:36:00 INFO SparkContext: Added file file:///opt/bitnami/spark/.ivy2/jars/org.apache.kafka_kafka-clients-2.6.0.jar at file:///opt/bitnami/spark/.ivy2/jars/org.apache.kafka_kafka-clients-2.6.0.jar with timestamp 1659134159700
22/07/29 22:36:00 INFO Utils: Copying /opt/bitnami/spark/.ivy2/jars/org.apache.kafka_kafka-clients-2.6.0.jar to /tmp/spark-ef6744fa-40a1-445e-908e-f2ec922679b8/userFiles-c827360a-8542-43b9-8c47-30df89996de9/org.apache.kafka_kafka-clients-2.6.0.jar
22/07/29 22:36:00 INFO SparkContext: Added file file:///opt/bitnami/spark/.ivy2/jars/org.apache.commons_commons-pool2-2.6.2.jar at file:///opt/bitnami/spark/.ivy2/jars/org.apache.commons_commons-pool2-2.6.2.jar with timestamp 1659134159700
22/07/29 22:36:00 INFO Utils: Copying /opt/bitnami/spark/.ivy2/jars/org.apache.commons_commons-pool2-2.6.2.jar to /tmp/spark-ef6744fa-40a1-445e-908e-f2ec922679b8/userFiles-c827360a-8542-43b9-8c47-30df89996de9/org.apache.commons_commons-pool2-2.6.2.jar
22/07/29 22:36:00 INFO SparkContext: Added file file:///opt/bitnami/spark/.ivy2/jars/org.spark-project.spark_unused-1.0.0.jar at file:///opt/bitnami/spark/.ivy2/jars/org.spark-project.spark_unused-1.0.0.jar with timestamp 1659134159700
22/07/29 22:36:00 INFO Utils: Copying /opt/bitnami/spark/.ivy2/jars/org.spark-project.spark_unused-1.0.0.jar to /tmp/spark-ef6744fa-40a1-445e-908e-f2ec922679b8/userFiles-c827360a-8542-43b9-8c47-30df89996de9/org.spark-project.spark_unused-1.0.0.jar
22/07/29 22:36:00 INFO SparkContext: Added file file:///opt/bitnami/spark/.ivy2/jars/com.github.luben_zstd-jni-1.4.8-1.jar at file:///opt/bitnami/spark/.ivy2/jars/com.github.luben_zstd-jni-1.4.8-1.jar with timestamp 1659134159700
22/07/29 22:36:00 INFO Utils: Copying /opt/bitnami/spark/.ivy2/jars/com.github.luben_zstd-jni-1.4.8-1.jar to /tmp/spark-ef6744fa-40a1-445e-908e-f2ec922679b8/userFiles-c827360a-8542-43b9-8c47-30df89996de9/com.github.luben_zstd-jni-1.4.8-1.jar
22/07/29 22:36:00 INFO SparkContext: Added file file:///opt/bitnami/spark/.ivy2/jars/org.lz4_lz4-java-1.7.1.jar at file:///opt/bitnami/spark/.ivy2/jars/org.lz4_lz4-java-1.7.1.jar with timestamp 1659134159700
22/07/29 22:36:00 INFO Utils: Copying /opt/bitnami/spark/.ivy2/jars/org.lz4_lz4-java-1.7.1.jar to /tmp/spark-ef6744fa-40a1-445e-908e-f2ec922679b8/userFiles-c827360a-8542-43b9-8c47-30df89996de9/org.lz4_lz4-java-1.7.1.jar
22/07/29 22:36:00 INFO SparkContext: Added file file:///opt/bitnami/spark/.ivy2/jars/org.xerial.snappy_snappy-java-1.1.8.2.jar at file:///opt/bitnami/spark/.ivy2/jars/org.xerial.snappy_snappy-java-1.1.8.2.jar with timestamp 1659134159700
22/07/29 22:36:00 INFO Utils: Copying /opt/bitnami/spark/.ivy2/jars/org.xerial.snappy_snappy-java-1.1.8.2.jar to /tmp/spark-ef6744fa-40a1-445e-908e-f2ec922679b8/userFiles-c827360a-8542-43b9-8c47-30df89996de9/org.xerial.snappy_snappy-java-1.1.8.2.jar
22/07/29 22:36:00 INFO SparkContext: Added file file:///opt/bitnami/spark/.ivy2/jars/org.slf4j_slf4j-api-1.7.30.jar at file:///opt/bitnami/spark/.ivy2/jars/org.slf4j_slf4j-api-1.7.30.jar with timestamp 1659134159700
22/07/29 22:36:00 INFO Utils: Copying /opt/bitnami/spark/.ivy2/jars/org.slf4j_slf4j-api-1.7.30.jar to /tmp/spark-ef6744fa-40a1-445e-908e-f2ec922679b8/userFiles-c827360a-8542-43b9-8c47-30df89996de9/org.slf4j_slf4j-api-1.7.30.jar
22/07/29 22:36:00 INFO Executor: Starting executor ID driver on host 5a7760f382d5
22/07/29 22:36:00 INFO Executor: Fetching file:///opt/bitnami/spark/.ivy2/jars/org.apache.spark_spark-sql-kafka-0-10_2.12-3.1.2.jar with timestamp 1659134159700
22/07/29 22:36:00 INFO Utils: /opt/bitnami/spark/.ivy2/jars/org.apache.spark_spark-sql-kafka-0-10_2.12-3.1.2.jar has been previously copied to /tmp/spark-ef6744fa-40a1-445e-908e-f2ec922679b8/userFiles-c827360a-8542-43b9-8c47-30df89996de9/org.apache.spark_spark-sql-kafka-0-10_2.12-3.1.2.jar
22/07/29 22:36:00 INFO Executor: Fetching file:///opt/bitnami/spark/.ivy2/jars/org.xerial.snappy_snappy-java-1.1.8.2.jar with timestamp 1659134159700
22/07/29 22:36:00 INFO Utils: /opt/bitnami/spark/.ivy2/jars/org.xerial.snappy_snappy-java-1.1.8.2.jar has been previously copied to /tmp/spark-ef6744fa-40a1-445e-908e-f2ec922679b8/userFiles-c827360a-8542-43b9-8c47-30df89996de9/org.xerial.snappy_snappy-java-1.1.8.2.jar
22/07/29 22:36:00 INFO Executor: Fetching file:///opt/bitnami/spark/.ivy2/jars/org.apache.spark_spark-token-provider-kafka-0-10_2.12-3.1.2.jar with timestamp 1659134159700
22/07/29 22:36:00 INFO Utils: /opt/bitnami/spark/.ivy2/jars/org.apache.spark_spark-token-provider-kafka-0-10_2.12-3.1.2.jar has been previously copied to /tmp/spark-ef6744fa-40a1-445e-908e-f2ec922679b8/userFiles-c827360a-8542-43b9-8c47-30df89996de9/org.apache.spark_spark-token-provider-kafka-0-10_2.12-3.1.2.jar
22/07/29 22:36:00 INFO Executor: Fetching file:///opt/bitnami/spark/.ivy2/jars/com.github.luben_zstd-jni-1.4.8-1.jar with timestamp 1659134159700
22/07/29 22:36:00 INFO Utils: /opt/bitnami/spark/.ivy2/jars/com.github.luben_zstd-jni-1.4.8-1.jar has been previously copied to /tmp/spark-ef6744fa-40a1-445e-908e-f2ec922679b8/userFiles-c827360a-8542-43b9-8c47-30df89996de9/com.github.luben_zstd-jni-1.4.8-1.jar
22/07/29 22:36:00 INFO Executor: Fetching file:///opt/bitnami/spark/.ivy2/jars/org.apache.commons_commons-pool2-2.6.2.jar with timestamp 1659134159700
22/07/29 22:36:00 INFO Utils: /opt/bitnami/spark/.ivy2/jars/org.apache.commons_commons-pool2-2.6.2.jar has been previously copied to /tmp/spark-ef6744fa-40a1-445e-908e-f2ec922679b8/userFiles-c827360a-8542-43b9-8c47-30df89996de9/org.apache.commons_commons-pool2-2.6.2.jar
22/07/29 22:36:00 INFO Executor: Fetching file:///opt/bitnami/spark/.ivy2/jars/org.spark-project.spark_unused-1.0.0.jar with timestamp 1659134159700
22/07/29 22:36:00 INFO Utils: /opt/bitnami/spark/.ivy2/jars/org.spark-project.spark_unused-1.0.0.jar has been previously copied to /tmp/spark-ef6744fa-40a1-445e-908e-f2ec922679b8/userFiles-c827360a-8542-43b9-8c47-30df89996de9/org.spark-project.spark_unused-1.0.0.jar
22/07/29 22:36:00 INFO Executor: Fetching file:///opt/bitnami/spark/.ivy2/jars/org.lz4_lz4-java-1.7.1.jar with timestamp 1659134159700
22/07/29 22:36:00 INFO Utils: /opt/bitnami/spark/.ivy2/jars/org.lz4_lz4-java-1.7.1.jar has been previously copied to /tmp/spark-ef6744fa-40a1-445e-908e-f2ec922679b8/userFiles-c827360a-8542-43b9-8c47-30df89996de9/org.lz4_lz4-java-1.7.1.jar
22/07/29 22:36:00 INFO Executor: Fetching file:///opt/bitnami/spark/.ivy2/jars/org.apache.kafka_kafka-clients-2.6.0.jar with timestamp 1659134159700
22/07/29 22:36:00 INFO Utils: /opt/bitnami/spark/.ivy2/jars/org.apache.kafka_kafka-clients-2.6.0.jar has been previously copied to /tmp/spark-ef6744fa-40a1-445e-908e-f2ec922679b8/userFiles-c827360a-8542-43b9-8c47-30df89996de9/org.apache.kafka_kafka-clients-2.6.0.jar
22/07/29 22:36:00 INFO Executor: Fetching file:///opt/bitnami/spark/.ivy2/jars/org.slf4j_slf4j-api-1.7.30.jar with timestamp 1659134159700
22/07/29 22:36:00 INFO Utils: /opt/bitnami/spark/.ivy2/jars/org.slf4j_slf4j-api-1.7.30.jar has been previously copied to /tmp/spark-ef6744fa-40a1-445e-908e-f2ec922679b8/userFiles-c827360a-8542-43b9-8c47-30df89996de9/org.slf4j_slf4j-api-1.7.30.jar
22/07/29 22:36:00 INFO Executor: Fetching spark://5a7760f382d5:40345/jars/org.slf4j_slf4j-api-1.7.30.jar with timestamp 1659134159700
22/07/29 22:36:00 INFO TransportClientFactory: Successfully created connection to 5a7760f382d5/172.25.0.2:40345 after 18 ms (0 ms spent in bootstraps)
22/07/29 22:36:00 INFO Utils: Fetching spark://5a7760f382d5:40345/jars/org.slf4j_slf4j-api-1.7.30.jar to /tmp/spark-ef6744fa-40a1-445e-908e-f2ec922679b8/userFiles-c827360a-8542-43b9-8c47-30df89996de9/fetchFileTemp8705661285205248790.tmp
22/07/29 22:36:00 INFO Utils: /tmp/spark-ef6744fa-40a1-445e-908e-f2ec922679b8/userFiles-c827360a-8542-43b9-8c47-30df89996de9/fetchFileTemp8705661285205248790.tmp has been previously copied to /tmp/spark-ef6744fa-40a1-445e-908e-f2ec922679b8/userFiles-c827360a-8542-43b9-8c47-30df89996de9/org.slf4j_slf4j-api-1.7.30.jar
22/07/29 22:36:00 INFO Executor: Adding file:/tmp/spark-ef6744fa-40a1-445e-908e-f2ec922679b8/userFiles-c827360a-8542-43b9-8c47-30df89996de9/org.slf4j_slf4j-api-1.7.30.jar to class loader
22/07/29 22:36:00 INFO Executor: Fetching spark://5a7760f382d5:40345/jars/org.apache.spark_spark-sql-kafka-0-10_2.12-3.1.2.jar with timestamp 1659134159700
22/07/29 22:36:00 INFO Utils: Fetching spark://5a7760f382d5:40345/jars/org.apache.spark_spark-sql-kafka-0-10_2.12-3.1.2.jar to /tmp/spark-ef6744fa-40a1-445e-908e-f2ec922679b8/userFiles-c827360a-8542-43b9-8c47-30df89996de9/fetchFileTemp2845667024574824102.tmp
22/07/29 22:36:00 INFO Utils: /tmp/spark-ef6744fa-40a1-445e-908e-f2ec922679b8/userFiles-c827360a-8542-43b9-8c47-30df89996de9/fetchFileTemp2845667024574824102.tmp has been previously copied to /tmp/spark-ef6744fa-40a1-445e-908e-f2ec922679b8/userFiles-c827360a-8542-43b9-8c47-30df89996de9/org.apache.spark_spark-sql-kafka-0-10_2.12-3.1.2.jar
22/07/29 22:36:00 INFO Executor: Adding file:/tmp/spark-ef6744fa-40a1-445e-908e-f2ec922679b8/userFiles-c827360a-8542-43b9-8c47-30df89996de9/org.apache.spark_spark-sql-kafka-0-10_2.12-3.1.2.jar to class loader
22/07/29 22:36:00 INFO Executor: Fetching spark://5a7760f382d5:40345/jars/org.apache.spark_spark-token-provider-kafka-0-10_2.12-3.1.2.jar with timestamp 1659134159700
22/07/29 22:36:00 INFO Utils: Fetching spark://5a7760f382d5:40345/jars/org.apache.spark_spark-token-provider-kafka-0-10_2.12-3.1.2.jar to /tmp/spark-ef6744fa-40a1-445e-908e-f2ec922679b8/userFiles-c827360a-8542-43b9-8c47-30df89996de9/fetchFileTemp3389606664643195541.tmp
22/07/29 22:36:00 INFO Utils: /tmp/spark-ef6744fa-40a1-445e-908e-f2ec922679b8/userFiles-c827360a-8542-43b9-8c47-30df89996de9/fetchFileTemp3389606664643195541.tmp has been previously copied to /tmp/spark-ef6744fa-40a1-445e-908e-f2ec922679b8/userFiles-c827360a-8542-43b9-8c47-30df89996de9/org.apache.spark_spark-token-provider-kafka-0-10_2.12-3.1.2.jar
22/07/29 22:36:00 INFO Executor: Adding file:/tmp/spark-ef6744fa-40a1-445e-908e-f2ec922679b8/userFiles-c827360a-8542-43b9-8c47-30df89996de9/org.apache.spark_spark-token-provider-kafka-0-10_2.12-3.1.2.jar to class loader
22/07/29 22:36:00 INFO Executor: Fetching spark://5a7760f382d5:40345/jars/org.lz4_lz4-java-1.7.1.jar with timestamp 1659134159700
22/07/29 22:36:00 INFO Utils: Fetching spark://5a7760f382d5:40345/jars/org.lz4_lz4-java-1.7.1.jar to /tmp/spark-ef6744fa-40a1-445e-908e-f2ec922679b8/userFiles-c827360a-8542-43b9-8c47-30df89996de9/fetchFileTemp4661969885486126737.tmp
22/07/29 22:36:00 INFO Utils: /tmp/spark-ef6744fa-40a1-445e-908e-f2ec922679b8/userFiles-c827360a-8542-43b9-8c47-30df89996de9/fetchFileTemp4661969885486126737.tmp has been previously copied to /tmp/spark-ef6744fa-40a1-445e-908e-f2ec922679b8/userFiles-c827360a-8542-43b9-8c47-30df89996de9/org.lz4_lz4-java-1.7.1.jar
22/07/29 22:36:00 INFO Executor: Adding file:/tmp/spark-ef6744fa-40a1-445e-908e-f2ec922679b8/userFiles-c827360a-8542-43b9-8c47-30df89996de9/org.lz4_lz4-java-1.7.1.jar to class loader
22/07/29 22:36:00 INFO Executor: Fetching spark://5a7760f382d5:40345/jars/com.github.luben_zstd-jni-1.4.8-1.jar with timestamp 1659134159700
22/07/29 22:36:00 INFO Utils: Fetching spark://5a7760f382d5:40345/jars/com.github.luben_zstd-jni-1.4.8-1.jar to /tmp/spark-ef6744fa-40a1-445e-908e-f2ec922679b8/userFiles-c827360a-8542-43b9-8c47-30df89996de9/fetchFileTemp105594149996952388.tmp
22/07/29 22:36:00 INFO Utils: /tmp/spark-ef6744fa-40a1-445e-908e-f2ec922679b8/userFiles-c827360a-8542-43b9-8c47-30df89996de9/fetchFileTemp105594149996952388.tmp has been previously copied to /tmp/spark-ef6744fa-40a1-445e-908e-f2ec922679b8/userFiles-c827360a-8542-43b9-8c47-30df89996de9/com.github.luben_zstd-jni-1.4.8-1.jar
22/07/29 22:36:00 INFO Executor: Adding file:/tmp/spark-ef6744fa-40a1-445e-908e-f2ec922679b8/userFiles-c827360a-8542-43b9-8c47-30df89996de9/com.github.luben_zstd-jni-1.4.8-1.jar to class loader
22/07/29 22:36:00 INFO Executor: Fetching spark://5a7760f382d5:40345/jars/org.apache.commons_commons-pool2-2.6.2.jar with timestamp 1659134159700
22/07/29 22:36:00 INFO Utils: Fetching spark://5a7760f382d5:40345/jars/org.apache.commons_commons-pool2-2.6.2.jar to /tmp/spark-ef6744fa-40a1-445e-908e-f2ec922679b8/userFiles-c827360a-8542-43b9-8c47-30df89996de9/fetchFileTemp8825565814609112794.tmp
22/07/29 22:36:00 INFO Utils: /tmp/spark-ef6744fa-40a1-445e-908e-f2ec922679b8/userFiles-c827360a-8542-43b9-8c47-30df89996de9/fetchFileTemp8825565814609112794.tmp has been previously copied to /tmp/spark-ef6744fa-40a1-445e-908e-f2ec922679b8/userFiles-c827360a-8542-43b9-8c47-30df89996de9/org.apache.commons_commons-pool2-2.6.2.jar
22/07/29 22:36:00 INFO Executor: Adding file:/tmp/spark-ef6744fa-40a1-445e-908e-f2ec922679b8/userFiles-c827360a-8542-43b9-8c47-30df89996de9/org.apache.commons_commons-pool2-2.6.2.jar to class loader
22/07/29 22:36:00 INFO Executor: Fetching spark://5a7760f382d5:40345/jars/org.apache.kafka_kafka-clients-2.6.0.jar with timestamp 1659134159700
22/07/29 22:36:00 INFO Utils: Fetching spark://5a7760f382d5:40345/jars/org.apache.kafka_kafka-clients-2.6.0.jar to /tmp/spark-ef6744fa-40a1-445e-908e-f2ec922679b8/userFiles-c827360a-8542-43b9-8c47-30df89996de9/fetchFileTemp3904505692268719461.tmp
22/07/29 22:36:00 INFO Utils: /tmp/spark-ef6744fa-40a1-445e-908e-f2ec922679b8/userFiles-c827360a-8542-43b9-8c47-30df89996de9/fetchFileTemp3904505692268719461.tmp has been previously copied to /tmp/spark-ef6744fa-40a1-445e-908e-f2ec922679b8/userFiles-c827360a-8542-43b9-8c47-30df89996de9/org.apache.kafka_kafka-clients-2.6.0.jar
22/07/29 22:36:00 INFO Executor: Adding file:/tmp/spark-ef6744fa-40a1-445e-908e-f2ec922679b8/userFiles-c827360a-8542-43b9-8c47-30df89996de9/org.apache.kafka_kafka-clients-2.6.0.jar to class loader
22/07/29 22:36:00 INFO Executor: Fetching spark://5a7760f382d5:40345/jars/org.spark-project.spark_unused-1.0.0.jar with timestamp 1659134159700
22/07/29 22:36:00 INFO Utils: Fetching spark://5a7760f382d5:40345/jars/org.spark-project.spark_unused-1.0.0.jar to /tmp/spark-ef6744fa-40a1-445e-908e-f2ec922679b8/userFiles-c827360a-8542-43b9-8c47-30df89996de9/fetchFileTemp8230903795683648313.tmp
22/07/29 22:36:00 INFO Utils: /tmp/spark-ef6744fa-40a1-445e-908e-f2ec922679b8/userFiles-c827360a-8542-43b9-8c47-30df89996de9/fetchFileTemp8230903795683648313.tmp has been previously copied to /tmp/spark-ef6744fa-40a1-445e-908e-f2ec922679b8/userFiles-c827360a-8542-43b9-8c47-30df89996de9/org.spark-project.spark_unused-1.0.0.jar
22/07/29 22:36:00 INFO Executor: Adding file:/tmp/spark-ef6744fa-40a1-445e-908e-f2ec922679b8/userFiles-c827360a-8542-43b9-8c47-30df89996de9/org.spark-project.spark_unused-1.0.0.jar to class loader
22/07/29 22:36:00 INFO Executor: Fetching spark://5a7760f382d5:40345/jars/org.xerial.snappy_snappy-java-1.1.8.2.jar with timestamp 1659134159700
22/07/29 22:36:00 INFO Utils: Fetching spark://5a7760f382d5:40345/jars/org.xerial.snappy_snappy-java-1.1.8.2.jar to /tmp/spark-ef6744fa-40a1-445e-908e-f2ec922679b8/userFiles-c827360a-8542-43b9-8c47-30df89996de9/fetchFileTemp2724249950542005200.tmp
22/07/29 22:36:00 INFO Utils: /tmp/spark-ef6744fa-40a1-445e-908e-f2ec922679b8/userFiles-c827360a-8542-43b9-8c47-30df89996de9/fetchFileTemp2724249950542005200.tmp has been previously copied to /tmp/spark-ef6744fa-40a1-445e-908e-f2ec922679b8/userFiles-c827360a-8542-43b9-8c47-30df89996de9/org.xerial.snappy_snappy-java-1.1.8.2.jar
22/07/29 22:36:00 INFO Executor: Adding file:/tmp/spark-ef6744fa-40a1-445e-908e-f2ec922679b8/userFiles-c827360a-8542-43b9-8c47-30df89996de9/org.xerial.snappy_snappy-java-1.1.8.2.jar to class loader
22/07/29 22:36:00 INFO Utils: Successfully started service 'org.apache.spark.network.netty.NettyBlockTransferService' on port 43137.
22/07/29 22:36:00 INFO NettyBlockTransferService: Server created on 5a7760f382d5:43137
22/07/29 22:36:00 INFO BlockManager: Using org.apache.spark.storage.RandomBlockReplicationPolicy for block replication policy
22/07/29 22:36:00 INFO BlockManagerMaster: Registering BlockManager BlockManagerId(driver, 5a7760f382d5, 43137, None)
22/07/29 22:36:00 INFO BlockManagerMasterEndpoint: Registering block manager 5a7760f382d5:43137 with 366.3 MiB RAM, BlockManagerId(driver, 5a7760f382d5, 43137, None)
22/07/29 22:36:00 INFO BlockManagerMaster: Registered BlockManager BlockManagerId(driver, 5a7760f382d5, 43137, None)
22/07/29 22:36:00 INFO BlockManager: Initialized BlockManager: BlockManagerId(driver, 5a7760f382d5, 43137, None)
22/07/29 22:36:00 INFO SharedState: Setting hive.metastore.warehouse.dir ('null') to the value of spark.sql.warehouse.dir.
22/07/29 22:36:00 INFO SharedState: Warehouse path is 'file:/opt/bitnami/spark/spark-warehouse'.
22/07/29 22:36:03 WARN ResolveWriteToStream: spark.sql.adaptive.enabled is not supported in streaming DataFrames/Datasets and will be disabled.
22/07/29 22:36:07 WARN NetworkClient: [Consumer clientId=consumer-spark-kafka-source-4ddf9dea-33ca-42f5-aa9d-cd947d44214b-670584048-driver-0-2, groupId=spark-kafka-source-4ddf9dea-33ca-42f5-aa9d-cd947d44214b-670584048-driver-0] Error while fetching metadata with correlation id 2 : {stedi-events=LEADER_NOT_AVAILABLE}
^CERROR:root:Exception while sending command.
Traceback (most recent call last):
  File "/opt/bitnami/spark/python/lib/py4j-0.10.9.3-src.zip/py4j/clientserver.py", line 475, in send_command
    answer = smart_decode(self.stream.readline()[:-1])
RuntimeError: reentrant call inside <_io.BufferedReader name=3>

During handling of the above exception, another exception occurred:

Traceback (most recent call last):
  File "/opt/bitnami/spark/python/lib/py4j-0.10.9.3-src.zip/py4j/java_gateway.py", line 1038, in send_command
    response = connection.send_command(command)
  File "/opt/bitnami/spark/python/lib/py4j-0.10.9.3-src.zip/py4j/clientserver.py", line 503, in send_command
    raise Py4JNetworkError(
py4j.protocol.Py4JNetworkError: Error while sending or receiving
ERROR:root:Exception while sending command.
Traceback (most recent call last):
  File "/opt/bitnami/spark/python/lib/py4j-0.10.9.3-src.zip/py4j/clientserver.py", line 475, in send_command
    answer = smart_decode(self.stream.readline()[:-1])
  File "/opt/bitnami/python/lib/python3.8/socket.py", line 669, in readinto
    return self._sock.recv_into(b)
  File "/opt/bitnami/spark/python/lib/pyspark.zip/pyspark/context.py", line 292, in signal_handler
    self.cancelAllJobs()
  File "/opt/bitnami/spark/python/lib/pyspark.zip/pyspark/context.py", line 1195, in cancelAllJobs
    self._jsc.sc().cancelAllJobs()
  File "/opt/bitnami/spark/python/lib/py4j-0.10.9.3-src.zip/py4j/java_gateway.py", line 1321, in __call__
    return_value = get_return_value(
  File "/opt/bitnami/spark/python/lib/pyspark.zip/pyspark/sql/utils.py", line 111, in deco
    return f(*a, **kw)
  File "/opt/bitnami/spark/python/lib/py4j-0.10.9.3-src.zip/py4j/protocol.py", line 334, in get_return_value
    raise Py4JError(
py4j.protocol.Py4JError: An error occurred while calling o14.sc

During handling of the above exception, another exception occurred:

Traceback (most recent call last):
  File "/opt/bitnami/spark/python/lib/py4j-0.10.9.3-src.zip/py4j/java_gateway.py", line 1038, in send_command
    response = connection.send_command(command)
  File "/opt/bitnami/spark/python/lib/py4j-0.10.9.3-src.zip/py4j/clientserver.py", line 503, in send_command
    raise Py4JNetworkError(
py4j.protocol.Py4JNetworkError: Error while sending or receiving
Traceback (most recent call last):
  File "/home/workspace/project/starter/sparkpykafkajoin.py", line 210, in <module>
    customer_risk_birthyear_df\
  File "/opt/bitnami/spark/python/lib/pyspark.zip/pyspark/sql/streaming.py", line 101, in awaitTermination
  File "/opt/bitnami/spark/python/lib/py4j-0.10.9.3-src.zip/py4j/java_gateway.py", line 1321, in __call__
  File "/opt/bitnami/spark/python/lib/pyspark.zip/pyspark/sql/utils.py", line 111, in deco
  File "/opt/bitnami/spark/python/lib/py4j-0.10.9.3-src.zip/py4j/protocol.py", line 334, in get_return_value
py4j.protocol.Py4JError: An error occurred while calling o97.awaitTermination
22/07/29 22:40:26 WARN HDFSBackedStateStoreProvider: Error doing snapshots for HDFSStateStoreProvider[id = (op=0,part=77),dir = file:/tmp/kafkacheckpoint/state/0/77/left-keyToNumValues]
ExitCodeException exitCode=130: 
	at org.apache.hadoop.util.Shell.runCommand(Shell.java:1008)
	at org.apache.hadoop.util.Shell.run(Shell.java:901)
	at org.apache.hadoop.util.Shell$ShellCommandExecutor.execute(Shell.java:1213)
	at org.apache.hadoop.util.Shell.execCommand(Shell.java:1307)
	at org.apache.hadoop.util.Shell.execCommand(Shell.java:1289)
	at org.apache.hadoop.fs.RawLocalFileSystem.setPermission(RawLocalFileSystem.java:978)
	at org.apache.hadoop.fs.RawLocalFileSystem$LocalFSFileOutputStream.<init>(RawLocalFileSystem.java:324)
	at org.apache.hadoop.fs.RawLocalFileSystem$LocalFSFileOutputStream.<init>(RawLocalFileSystem.java:294)
	at org.apache.hadoop.fs.RawLocalFileSystem.createOutputStreamWithMode(RawLocalFileSystem.java:439)
	at org.apache.hadoop.fs.RawLocalFileSystem.create(RawLocalFileSystem.java:428)
	at org.apache.hadoop.fs.RawLocalFileSystem.create(RawLocalFileSystem.java:459)
	at org.apache.hadoop.fs.FileSystem.primitiveCreate(FileSystem.java:1305)
	at org.apache.hadoop.fs.DelegateToFileSystem.createInternal(DelegateToFileSystem.java:102)
	at org.apache.hadoop.fs.ChecksumFs$ChecksumFSOutputSummer.<init>(ChecksumFs.java:360)
	at org.apache.hadoop.fs.ChecksumFs.createInternal(ChecksumFs.java:400)
	at org.apache.hadoop.fs.AbstractFileSystem.create(AbstractFileSystem.java:626)
	at org.apache.hadoop.fs.FileContext$3.next(FileContext.java:701)
	at org.apache.hadoop.fs.FileContext$3.next(FileContext.java:697)
	at org.apache.hadoop.fs.FSLinkResolver.resolve(FSLinkResolver.java:90)
	at org.apache.hadoop.fs.FileContext.create(FileContext.java:703)
	at org.apache.spark.sql.execution.streaming.FileContextBasedCheckpointFileManager.createTempFile(CheckpointFileManager.scala:327)
	at org.apache.spark.sql.execution.streaming.CheckpointFileManager$RenameBasedFSDataOutputStream.<init>(CheckpointFileManager.scala:140)
	at org.apache.spark.sql.execution.streaming.CheckpointFileManager$RenameBasedFSDataOutputStream.<init>(CheckpointFileManager.scala:143)
	at org.apache.spark.sql.execution.streaming.FileContextBasedCheckpointFileManager.createAtomic(CheckpointFileManager.scala:333)
	at org.apache.spark.sql.execution.streaming.state.HDFSBackedStateStoreProvider.writeSnapshotFile(HDFSBackedStateStoreProvider.scala:512)
	at org.apache.spark.sql.execution.streaming.state.HDFSBackedStateStoreProvider.$anonfun$doSnapshot$4(HDFSBackedStateStoreProvider.scala:624)
	at scala.runtime.java8.JFunction0$mcV$sp.apply(JFunction0$mcV$sp.java:23)
	at org.apache.spark.util.Utils$.timeTakenMs(Utils.scala:605)
	at org.apache.spark.sql.execution.streaming.state.HDFSBackedStateStoreProvider.doSnapshot(HDFSBackedStateStoreProvider.scala:624)
	at org.apache.spark.sql.execution.streaming.state.HDFSBackedStateStoreProvider.doMaintenance(HDFSBackedStateStoreProvider.scala:256)
	at org.apache.spark.sql.execution.streaming.state.StateStore$.$anonfun$doMaintenance$2(StateStore.scala:596)
	at org.apache.spark.sql.execution.streaming.state.StateStore$.$anonfun$doMaintenance$2$adapted(StateStore.scala:593)
	at scala.collection.mutable.ResizableArray.foreach(ResizableArray.scala:62)
	at scala.collection.mutable.ResizableArray.foreach$(ResizableArray.scala:55)
	at scala.collection.mutable.ArrayBuffer.foreach(ArrayBuffer.scala:49)
	at org.apache.spark.sql.execution.streaming.state.StateStore$.doMaintenance(StateStore.scala:593)
	at org.apache.spark.sql.execution.streaming.state.StateStore$.$anonfun$startMaintenanceIfNeeded$1(StateStore.scala:577)
	at org.apache.spark.sql.execution.streaming.state.StateStore$MaintenanceTask$$anon$1.run(StateStore.scala:442)
	at java.util.concurrent.Executors$RunnableAdapter.call(Executors.java:511)
	at java.util.concurrent.FutureTask.runAndReset(FutureTask.java:308)
	at java.util.concurrent.ScheduledThreadPoolExecutor$ScheduledFutureTask.access$301(ScheduledThreadPoolExecutor.java:180)
	at java.util.concurrent.ScheduledThreadPoolExecutor$ScheduledFutureTask.run(ScheduledThreadPoolExecutor.java:294)
	at java.util.concurrent.ThreadPoolExecutor.runWorker(ThreadPoolExecutor.java:1149)
	at java.util.concurrent.ThreadPoolExecutor$Worker.run(ThreadPoolExecutor.java:624)
	at java.lang.Thread.run(Thread.java:750)
22/07/29 22:40:26 ERROR Inbox: Ignoring error
java.util.concurrent.RejectedExecutionException: Task org.apache.spark.executor.Executor$TaskRunner@385ea5d8 rejected from java.util.concurrent.ThreadPoolExecutor@76f59318[Shutting down, pool size = 7, active threads = 7, queued tasks = 0, completed tasks = 8433]
	at java.util.concurrent.ThreadPoolExecutor$AbortPolicy.rejectedExecution(ThreadPoolExecutor.java:2063)
	at java.util.concurrent.ThreadPoolExecutor.reject(ThreadPoolExecutor.java:830)
	at java.util.concurrent.ThreadPoolExecutor.execute(ThreadPoolExecutor.java:1379)
	at org.apache.spark.executor.Executor.launchTask(Executor.scala:270)
	at org.apache.spark.scheduler.local.LocalEndpoint.$anonfun$reviveOffers$1(LocalSchedulerBackend.scala:93)
	at org.apache.spark.scheduler.local.LocalEndpoint.$anonfun$reviveOffers$1$adapted(LocalSchedulerBackend.scala:91)
	at scala.collection.Iterator.foreach(Iterator.scala:943)
	at scala.collection.Iterator.foreach$(Iterator.scala:943)
	at scala.collection.AbstractIterator.foreach(Iterator.scala:1431)
	at scala.collection.IterableLike.foreach(IterableLike.scala:74)
	at scala.collection.IterableLike.foreach$(IterableLike.scala:73)
	at scala.collection.AbstractIterable.foreach(Iterable.scala:56)
	at org.apache.spark.scheduler.local.LocalEndpoint.reviveOffers(LocalSchedulerBackend.scala:91)
	at org.apache.spark.scheduler.local.LocalEndpoint$$anonfun$receive$1.applyOrElse(LocalSchedulerBackend.scala:74)
	at org.apache.spark.rpc.netty.Inbox.$anonfun$process$1(Inbox.scala:115)
	at org.apache.spark.rpc.netty.Inbox.safelyCall(Inbox.scala:213)
	at org.apache.spark.rpc.netty.Inbox.process(Inbox.scala:100)
	at org.apache.spark.rpc.netty.MessageLoop.org$apache$spark$rpc$netty$MessageLoop$$receiveLoop(MessageLoop.scala:75)
	at org.apache.spark.rpc.netty.MessageLoop$$anon$1.run(MessageLoop.scala:41)
	at java.util.concurrent.ThreadPoolExecutor.runWorker(ThreadPoolExecutor.java:1149)
	at java.util.concurrent.ThreadPoolExecutor$Worker.run(ThreadPoolExecutor.java:624)
	at java.lang.Thread.run(Thread.java:750)
22/07/29 22:40:26 ERROR Inbox: Ignoring error
java.util.concurrent.RejectedExecutionException: Task org.apache.spark.executor.Executor$TaskRunner@71b7d66 rejected from java.util.concurrent.ThreadPoolExecutor@76f59318[Shutting down, pool size = 6, active threads = 6, queued tasks = 0, completed tasks = 8434]
	at java.util.concurrent.ThreadPoolExecutor$AbortPolicy.rejectedExecution(ThreadPoolExecutor.java:2063)
	at java.util.concurrent.ThreadPoolExecutor.reject(ThreadPoolExecutor.java:830)
	at java.util.concurrent.ThreadPoolExecutor.execute(ThreadPoolExecutor.java:1379)
	at org.apache.spark.executor.Executor.launchTask(Executor.scala:270)
	at org.apache.spark.scheduler.local.LocalEndpoint.$anonfun$reviveOffers$1(LocalSchedulerBackend.scala:93)
	at org.apache.spark.scheduler.local.LocalEndpoint.$anonfun$reviveOffers$1$adapted(LocalSchedulerBackend.scala:91)
	at scala.collection.Iterator.foreach(Iterator.scala:943)
	at scala.collection.Iterator.foreach$(Iterator.scala:943)
	at scala.collection.AbstractIterator.foreach(Iterator.scala:1431)
	at scala.collection.IterableLike.foreach(IterableLike.scala:74)
	at scala.collection.IterableLike.foreach$(IterableLike.scala:73)
	at scala.collection.AbstractIterable.foreach(Iterable.scala:56)
	at org.apache.spark.scheduler.local.LocalEndpoint.reviveOffers(LocalSchedulerBackend.scala:91)
	at org.apache.spark.scheduler.local.LocalEndpoint$$anonfun$receive$1.applyOrElse(LocalSchedulerBackend.scala:74)
	at org.apache.spark.rpc.netty.Inbox.$anonfun$process$1(Inbox.scala:115)
	at org.apache.spark.rpc.netty.Inbox.safelyCall(Inbox.scala:213)
	at org.apache.spark.rpc.netty.Inbox.process(Inbox.scala:100)
	at org.apache.spark.rpc.netty.MessageLoop.org$apache$spark$rpc$netty$MessageLoop$$receiveLoop(MessageLoop.scala:75)
	at org.apache.spark.rpc.netty.MessageLoop$$anon$1.run(MessageLoop.scala:41)
	at java.util.concurrent.ThreadPoolExecutor.runWorker(ThreadPoolExecutor.java:1149)
	at java.util.concurrent.ThreadPoolExecutor$Worker.run(ThreadPoolExecutor.java:624)
	at java.lang.Thread.run(Thread.java:750)
22/07/29 22:40:26 ERROR Inbox: Ignoring error
java.util.concurrent.RejectedExecutionException: Task org.apache.spark.executor.Executor$TaskRunner@6f587360 rejected from java.util.concurrent.ThreadPoolExecutor@76f59318[Shutting down, pool size = 5, active threads = 5, queued tasks = 0, completed tasks = 8435]
	at java.util.concurrent.ThreadPoolExecutor$AbortPolicy.rejectedExecution(ThreadPoolExecutor.java:2063)
	at java.util.concurrent.ThreadPoolExecutor.reject(ThreadPoolExecutor.java:830)
	at java.util.concurrent.ThreadPoolExecutor.execute(ThreadPoolExecutor.java:1379)
	at org.apache.spark.executor.Executor.launchTask(Executor.scala:270)
	at org.apache.spark.scheduler.local.LocalEndpoint.$anonfun$reviveOffers$1(LocalSchedulerBackend.scala:93)
	at org.apache.spark.scheduler.local.LocalEndpoint.$anonfun$reviveOffers$1$adapted(LocalSchedulerBackend.scala:91)
	at scala.collection.Iterator.foreach(Iterator.scala:943)
	at scala.collection.Iterator.foreach$(Iterator.scala:943)
	at scala.collection.AbstractIterator.foreach(Iterator.scala:1431)
	at scala.collection.IterableLike.foreach(IterableLike.scala:74)
	at scala.collection.IterableLike.foreach$(IterableLike.scala:73)
	at scala.collection.AbstractIterable.foreach(Iterable.scala:56)
	at org.apache.spark.scheduler.local.LocalEndpoint.reviveOffers(LocalSchedulerBackend.scala:91)
	at org.apache.spark.scheduler.local.LocalEndpoint$$anonfun$receive$1.applyOrElse(LocalSchedulerBackend.scala:74)
	at org.apache.spark.rpc.netty.Inbox.$anonfun$process$1(Inbox.scala:115)
	at org.apache.spark.rpc.netty.Inbox.safelyCall(Inbox.scala:213)
	at org.apache.spark.rpc.netty.Inbox.process(Inbox.scala:100)
	at org.apache.spark.rpc.netty.MessageLoop.org$apache$spark$rpc$netty$MessageLoop$$receiveLoop(MessageLoop.scala:75)
	at org.apache.spark.rpc.netty.MessageLoop$$anon$1.run(MessageLoop.scala:41)
	at java.util.concurrent.ThreadPoolExecutor.runWorker(ThreadPoolExecutor.java:1149)
	at java.util.concurrent.ThreadPoolExecutor$Worker.run(ThreadPoolExecutor.java:624)
	at java.lang.Thread.run(Thread.java:750)
22/07/29 22:40:26 ERROR Inbox: Ignoring error
java.util.concurrent.RejectedExecutionException: Task org.apache.spark.executor.Executor$TaskRunner@68a76e1c rejected from java.util.concurrent.ThreadPoolExecutor@76f59318[Shutting down, pool size = 4, active threads = 4, queued tasks = 0, completed tasks = 8436]
	at java.util.concurrent.ThreadPoolExecutor$AbortPolicy.rejectedExecution(ThreadPoolExecutor.java:2063)
	at java.util.concurrent.ThreadPoolExecutor.reject(ThreadPoolExecutor.java:830)
	at java.util.concurrent.ThreadPoolExecutor.execute(ThreadPoolExecutor.java:1379)
	at org.apache.spark.executor.Executor.launchTask(Executor.scala:270)
	at org.apache.spark.scheduler.local.LocalEndpoint.$anonfun$reviveOffers$1(LocalSchedulerBackend.scala:93)
	at org.apache.spark.scheduler.local.LocalEndpoint.$anonfun$reviveOffers$1$adapted(LocalSchedulerBackend.scala:91)
	at scala.collection.Iterator.foreach(Iterator.scala:943)
	at scala.collection.Iterator.foreach$(Iterator.scala:943)
	at scala.collection.AbstractIterator.foreach(Iterator.scala:1431)
	at scala.collection.IterableLike.foreach(IterableLike.scala:74)
	at scala.collection.IterableLike.foreach$(IterableLike.scala:73)
	at scala.collection.AbstractIterable.foreach(Iterable.scala:56)
	at org.apache.spark.scheduler.local.LocalEndpoint.reviveOffers(LocalSchedulerBackend.scala:91)
	at org.apache.spark.scheduler.local.LocalEndpoint$$anonfun$receive$1.applyOrElse(LocalSchedulerBackend.scala:74)
	at org.apache.spark.rpc.netty.Inbox.$anonfun$process$1(Inbox.scala:115)
	at org.apache.spark.rpc.netty.Inbox.safelyCall(Inbox.scala:213)
	at org.apache.spark.rpc.netty.Inbox.process(Inbox.scala:100)
	at org.apache.spark.rpc.netty.MessageLoop.org$apache$spark$rpc$netty$MessageLoop$$receiveLoop(MessageLoop.scala:75)
	at org.apache.spark.rpc.netty.MessageLoop$$anon$1.run(MessageLoop.scala:41)
	at java.util.concurrent.ThreadPoolExecutor.runWorker(ThreadPoolExecutor.java:1149)
	at java.util.concurrent.ThreadPoolExecutor$Worker.run(ThreadPoolExecutor.java:624)
	at java.lang.Thread.run(Thread.java:750)
22/07/29 22:40:26 ERROR Inbox: Ignoring error
java.util.concurrent.RejectedExecutionException: Task org.apache.spark.executor.Executor$TaskRunner@247c4b25 rejected from java.util.concurrent.ThreadPoolExecutor@76f59318[Shutting down, pool size = 3, active threads = 3, queued tasks = 0, completed tasks = 8437]
	at java.util.concurrent.ThreadPoolExecutor$AbortPolicy.rejectedExecution(ThreadPoolExecutor.java:2063)
	at java.util.concurrent.ThreadPoolExecutor.reject(ThreadPoolExecutor.java:830)
	at java.util.concurrent.ThreadPoolExecutor.execute(ThreadPoolExecutor.java:1379)
	at org.apache.spark.executor.Executor.launchTask(Executor.scala:270)
	at org.apache.spark.scheduler.local.LocalEndpoint.$anonfun$reviveOffers$1(LocalSchedulerBackend.scala:93)
	at org.apache.spark.scheduler.local.LocalEndpoint.$anonfun$reviveOffers$1$adapted(LocalSchedulerBackend.scala:91)
	at scala.collection.Iterator.foreach(Iterator.scala:943)
	at scala.collection.Iterator.foreach$(Iterator.scala:943)
	at scala.collection.AbstractIterator.foreach(Iterator.scala:1431)
	at scala.collection.IterableLike.foreach(IterableLike.scala:74)
	at scala.collection.IterableLike.foreach$(IterableLike.scala:73)
	at scala.collection.AbstractIterable.foreach(Iterable.scala:56)
	at org.apache.spark.scheduler.local.LocalEndpoint.reviveOffers(LocalSchedulerBackend.scala:91)
	at org.apache.spark.scheduler.local.LocalEndpoint$$anonfun$receive$1.applyOrElse(LocalSchedulerBackend.scala:74)
	at org.apache.spark.rpc.netty.Inbox.$anonfun$process$1(Inbox.scala:115)
	at org.apache.spark.rpc.netty.Inbox.safelyCall(Inbox.scala:213)
	at org.apache.spark.rpc.netty.Inbox.process(Inbox.scala:100)
	at org.apache.spark.rpc.netty.MessageLoop.org$apache$spark$rpc$netty$MessageLoop$$receiveLoop(MessageLoop.scala:75)
	at org.apache.spark.rpc.netty.MessageLoop$$anon$1.run(MessageLoop.scala:41)
	at java.util.concurrent.ThreadPoolExecutor.runWorker(ThreadPoolExecutor.java:1149)
	at java.util.concurrent.ThreadPoolExecutor$Worker.run(ThreadPoolExecutor.java:624)
	at java.lang.Thread.run(Thread.java:750)
22/07/29 22:40:26 ERROR Inbox: Ignoring error
java.util.concurrent.RejectedExecutionException: Task org.apache.spark.executor.Executor$TaskRunner@56c0dc43 rejected from java.util.concurrent.ThreadPoolExecutor@76f59318[Shutting down, pool size = 2, active threads = 2, queued tasks = 0, completed tasks = 8438]
	at java.util.concurrent.ThreadPoolExecutor$AbortPolicy.rejectedExecution(ThreadPoolExecutor.java:2063)
	at java.util.concurrent.ThreadPoolExecutor.reject(ThreadPoolExecutor.java:830)
	at java.util.concurrent.ThreadPoolExecutor.execute(ThreadPoolExecutor.java:1379)
	at org.apache.spark.executor.Executor.launchTask(Executor.scala:270)
	at org.apache.spark.scheduler.local.LocalEndpoint.$anonfun$reviveOffers$1(LocalSchedulerBackend.scala:93)
	at org.apache.spark.scheduler.local.LocalEndpoint.$anonfun$reviveOffers$1$adapted(LocalSchedulerBackend.scala:91)
	at scala.collection.Iterator.foreach(Iterator.scala:943)
	at scala.collection.Iterator.foreach$(Iterator.scala:943)
	at scala.collection.AbstractIterator.foreach(Iterator.scala:1431)
	at scala.collection.IterableLike.foreach(IterableLike.scala:74)
	at scala.collection.IterableLike.foreach$(IterableLike.scala:73)
	at scala.collection.AbstractIterable.foreach(Iterable.scala:56)
	at org.apache.spark.scheduler.local.LocalEndpoint.reviveOffers(LocalSchedulerBackend.scala:91)
	at org.apache.spark.scheduler.local.LocalEndpoint$$anonfun$receive$1.applyOrElse(LocalSchedulerBackend.scala:74)
	at org.apache.spark.rpc.netty.Inbox.$anonfun$process$1(Inbox.scala:115)
	at org.apache.spark.rpc.netty.Inbox.safelyCall(Inbox.scala:213)
	at org.apache.spark.rpc.netty.Inbox.process(Inbox.scala:100)
	at org.apache.spark.rpc.netty.MessageLoop.org$apache$spark$rpc$netty$MessageLoop$$receiveLoop(MessageLoop.scala:75)
	at org.apache.spark.rpc.netty.MessageLoop$$anon$1.run(MessageLoop.scala:41)
	at java.util.concurrent.ThreadPoolExecutor.runWorker(ThreadPoolExecutor.java:1149)
	at java.util.concurrent.ThreadPoolExecutor$Worker.run(ThreadPoolExecutor.java:624)
	at java.lang.Thread.run(Thread.java:750)
22/07/29 22:40:26 ERROR WriteToDataSourceV2Exec: Data source write support org.apache.spark.sql.execution.streaming.sources.MicroBatchWrite@676f4fcb is aborting.
22/07/29 22:40:26 ERROR WriteToDataSourceV2Exec: Data source write support org.apache.spark.sql.execution.streaming.sources.MicroBatchWrite@676f4fcb aborted.
22/07/29 22:40:26 ERROR MicroBatchExecution: Query [id = c0e5dda1-7bf1-4af5-8743-084bf905aa67, runId = 85be3dc7-9fcb-4e9b-88f2-1402e71b3a75] terminated with error
org.apache.spark.SparkException: Writing job aborted
	at org.apache.spark.sql.errors.QueryExecutionErrors$.writingJobAbortedError(QueryExecutionErrors.scala:613)
	at org.apache.spark.sql.execution.datasources.v2.V2TableWriteExec.writeWithV2(WriteToDataSourceV2Exec.scala:386)
	at org.apache.spark.sql.execution.datasources.v2.V2TableWriteExec.writeWithV2$(WriteToDataSourceV2Exec.scala:330)
	at org.apache.spark.sql.execution.datasources.v2.WriteToDataSourceV2Exec.writeWithV2(WriteToDataSourceV2Exec.scala:279)
	at org.apache.spark.sql.execution.datasources.v2.WriteToDataSourceV2Exec.run(WriteToDataSourceV2Exec.scala:290)
	at org.apache.spark.sql.execution.datasources.v2.V2CommandExec.result$lzycompute(V2CommandExec.scala:43)
	at org.apache.spark.sql.execution.datasources.v2.V2CommandExec.result(V2CommandExec.scala:43)
	at org.apache.spark.sql.execution.datasources.v2.V2CommandExec.executeCollect(V2CommandExec.scala:49)
	at org.apache.spark.sql.Dataset.collectFromPlan(Dataset.scala:3715)
	at org.apache.spark.sql.Dataset.$anonfun$collect$1(Dataset.scala:2971)
	at org.apache.spark.sql.Dataset.$anonfun$withAction$1(Dataset.scala:3706)
	at org.apache.spark.sql.execution.SQLExecution$.$anonfun$withNewExecutionId$5(SQLExecution.scala:103)
	at org.apache.spark.sql.execution.SQLExecution$.withSQLConfPropagated(SQLExecution.scala:163)
	at org.apache.spark.sql.execution.SQLExecution$.$anonfun$withNewExecutionId$1(SQLExecution.scala:90)
	at org.apache.spark.sql.SparkSession.withActive(SparkSession.scala:775)
	at org.apache.spark.sql.execution.SQLExecution$.withNewExecutionId(SQLExecution.scala:64)
	at org.apache.spark.sql.Dataset.withAction(Dataset.scala:3704)
	at org.apache.spark.sql.Dataset.collect(Dataset.scala:2971)
	at org.apache.spark.sql.execution.streaming.MicroBatchExecution.$anonfun$runBatch$17(MicroBatchExecution.scala:603)
	at org.apache.spark.sql.execution.SQLExecution$.$anonfun$withNewExecutionId$5(SQLExecution.scala:103)
	at org.apache.spark.sql.execution.SQLExecution$.withSQLConfPropagated(SQLExecution.scala:163)
	at org.apache.spark.sql.execution.SQLExecution$.$anonfun$withNewExecutionId$1(SQLExecution.scala:90)
	at org.apache.spark.sql.SparkSession.withActive(SparkSession.scala:775)
	at org.apache.spark.sql.execution.SQLExecution$.withNewExecutionId(SQLExecution.scala:64)
	at org.apache.spark.sql.execution.streaming.MicroBatchExecution.$anonfun$runBatch$16(MicroBatchExecution.scala:598)
	at org.apache.spark.sql.execution.streaming.ProgressReporter.reportTimeTaken(ProgressReporter.scala:375)
	at org.apache.spark.sql.execution.streaming.ProgressReporter.reportTimeTaken$(ProgressReporter.scala:373)
	at org.apache.spark.sql.execution.streaming.StreamExecution.reportTimeTaken(StreamExecution.scala:69)
	at org.apache.spark.sql.execution.streaming.MicroBatchExecution.runBatch(MicroBatchExecution.scala:598)
	at org.apache.spark.sql.execution.streaming.MicroBatchExecution.$anonfun$runActivatedStream$2(MicroBatchExecution.scala:228)
	at scala.runtime.java8.JFunction0$mcV$sp.apply(JFunction0$mcV$sp.java:23)
	at org.apache.spark.sql.execution.streaming.ProgressReporter.reportTimeTaken(ProgressReporter.scala:375)
	at org.apache.spark.sql.execution.streaming.ProgressReporter.reportTimeTaken$(ProgressReporter.scala:373)
	at org.apache.spark.sql.execution.streaming.StreamExecution.reportTimeTaken(StreamExecution.scala:69)
	at org.apache.spark.sql.execution.streaming.MicroBatchExecution.$anonfun$runActivatedStream$1(MicroBatchExecution.scala:193)
	at org.apache.spark.sql.execution.streaming.ProcessingTimeExecutor.execute(TriggerExecutor.scala:57)
	at org.apache.spark.sql.execution.streaming.MicroBatchExecution.runActivatedStream(MicroBatchExecution.scala:187)
	at org.apache.spark.sql.execution.streaming.StreamExecution.$anonfun$runStream$1(StreamExecution.scala:303)
	at scala.runtime.java8.JFunction0$mcV$sp.apply(JFunction0$mcV$sp.java:23)
	at org.apache.spark.sql.SparkSession.withActive(SparkSession.scala:775)
	at org.apache.spark.sql.execution.streaming.StreamExecution.org$apache$spark$sql$execution$streaming$StreamExecution$$runStream(StreamExecution.scala:286)
	at org.apache.spark.sql.execution.streaming.StreamExecution$$anon$1.run(StreamExecution.scala:209)
Caused by: org.apache.spark.SparkException: Job 41 cancelled because SparkContext was shut down
	at org.apache.spark.scheduler.DAGScheduler.$anonfun$cleanUpAfterSchedulerStop$1(DAGScheduler.scala:1166)
	at org.apache.spark.scheduler.DAGScheduler.$anonfun$cleanUpAfterSchedulerStop$1$adapted(DAGScheduler.scala:1164)
	at scala.collection.mutable.HashSet.foreach(HashSet.scala:79)
	at org.apache.spark.scheduler.DAGScheduler.cleanUpAfterSchedulerStop(DAGScheduler.scala:1164)
	at org.apache.spark.scheduler.DAGSchedulerEventProcessLoop.onStop(DAGScheduler.scala:2666)
	at org.apache.spark.util.EventLoop.stop(EventLoop.scala:84)
	at org.apache.spark.scheduler.DAGScheduler.stop(DAGScheduler.scala:2566)
	at org.apache.spark.SparkContext.$anonfun$stop$12(SparkContext.scala:2086)
	at org.apache.spark.util.Utils$.tryLogNonFatalError(Utils.scala:1442)
	at org.apache.spark.SparkContext.stop(SparkContext.scala:2086)
	at org.apache.spark.SparkContext.$anonfun$new$38(SparkContext.scala:667)
	at org.apache.spark.util.SparkShutdownHook.run(ShutdownHookManager.scala:214)
	at org.apache.spark.util.SparkShutdownHookManager.$anonfun$runAll$2(ShutdownHookManager.scala:188)
	at scala.runtime.java8.JFunction0$mcV$sp.apply(JFunction0$mcV$sp.java:23)
	at org.apache.spark.util.Utils$.logUncaughtExceptions(Utils.scala:2019)
	at org.apache.spark.util.SparkShutdownHookManager.$anonfun$runAll$1(ShutdownHookManager.scala:188)
	at scala.runtime.java8.JFunction0$mcV$sp.apply(JFunction0$mcV$sp.java:23)
	at scala.util.Try$.apply(Try.scala:213)
	at org.apache.spark.util.SparkShutdownHookManager.runAll(ShutdownHookManager.scala:188)
	at org.apache.spark.util.SparkShutdownHookManager$$anon$2.run(ShutdownHookManager.scala:178)
	at java.util.concurrent.Executors$RunnableAdapter.call(Executors.java:511)
	at java.util.concurrent.FutureTask.run(FutureTask.java:266)
	at java.util.concurrent.ThreadPoolExecutor.runWorker(ThreadPoolExecutor.java:1149)
	at java.util.concurrent.ThreadPoolExecutor$Worker.run(ThreadPoolExecutor.java:624)
	at java.lang.Thread.run(Thread.java:750)
	at org.apache.spark.scheduler.DAGScheduler.runJob(DAGScheduler.scala:938)
	at org.apache.spark.SparkContext.runJob(SparkContext.scala:2214)
	at org.apache.spark.sql.execution.datasources.v2.V2TableWriteExec.writeWithV2(WriteToDataSourceV2Exec.scala:354)
	... 40 more
22/07/29 22:40:26 WARN NettyRpcEnv: Ignored failure: java.util.concurrent.RejectedExecutionException: Task java.util.concurrent.ScheduledThreadPoolExecutor$ScheduledFutureTask@5288deb rejected from java.util.concurrent.ScheduledThreadPoolExecutor@2a64c374[Terminated, pool size = 0, active threads = 0, queued tasks = 0, completed tasks = 0]
22/07/29 22:40:26 WARN StateStore: Error managing HDFSStateStoreProvider[id = (op=0,part=162),dir = file:/tmp/kafkacheckpoint/state/0/162/left-keyWithIndexToValue], stopping management thread
22/07/29 22:40:26 WARN StateStore: Error running maintenance thread
org.apache.spark.SparkException: Exception thrown in awaitResult: 
	at org.apache.spark.util.ThreadUtils$.awaitResult(ThreadUtils.scala:301)
	at org.apache.spark.rpc.RpcTimeout.awaitResult(RpcTimeout.scala:75)
	at org.apache.spark.rpc.RpcEnv.setupEndpointRefByURI(RpcEnv.scala:101)
	at org.apache.spark.rpc.RpcEnv.setupEndpointRef(RpcEnv.scala:109)
	at org.apache.spark.util.RpcUtils$.makeDriverRef(RpcUtils.scala:36)
	at org.apache.spark.sql.execution.streaming.state.StateStoreCoordinatorRef$.forExecutor(StateStoreCoordinator.scala:84)
	at org.apache.spark.sql.execution.streaming.state.StateStore$.coordinatorRef(StateStore.scala:648)
	at org.apache.spark.sql.execution.streaming.state.StateStore$.verifyIfStoreInstanceActive(StateStore.scala:630)
	at org.apache.spark.sql.execution.streaming.state.StateStore$.$anonfun$doMaintenance$2(StateStore.scala:595)
	at org.apache.spark.sql.execution.streaming.state.StateStore$.$anonfun$doMaintenance$2$adapted(StateStore.scala:593)
	at scala.collection.mutable.ResizableArray.foreach(ResizableArray.scala:62)
	at scala.collection.mutable.ResizableArray.foreach$(ResizableArray.scala:55)
	at scala.collection.mutable.ArrayBuffer.foreach(ArrayBuffer.scala:49)
	at org.apache.spark.sql.execution.streaming.state.StateStore$.doMaintenance(StateStore.scala:593)
	at org.apache.spark.sql.execution.streaming.state.StateStore$.$anonfun$startMaintenanceIfNeeded$1(StateStore.scala:577)
	at org.apache.spark.sql.execution.streaming.state.StateStore$MaintenanceTask$$anon$1.run(StateStore.scala:442)
	at java.util.concurrent.Executors$RunnableAdapter.call(Executors.java:511)
	at java.util.concurrent.FutureTask.runAndReset(FutureTask.java:308)
	at java.util.concurrent.ScheduledThreadPoolExecutor$ScheduledFutureTask.access$301(ScheduledThreadPoolExecutor.java:180)
	at java.util.concurrent.ScheduledThreadPoolExecutor$ScheduledFutureTask.run(ScheduledThreadPoolExecutor.java:294)
	at java.util.concurrent.ThreadPoolExecutor.runWorker(ThreadPoolExecutor.java:1149)
	at java.util.concurrent.ThreadPoolExecutor$Worker.run(ThreadPoolExecutor.java:624)
	at java.lang.Thread.run(Thread.java:750)
Caused by: org.apache.spark.rpc.RpcEnvStoppedException: RpcEnv already stopped.
	at org.apache.spark.rpc.netty.Dispatcher.postMessage(Dispatcher.scala:176)
	at org.apache.spark.rpc.netty.Dispatcher.postLocalMessage(Dispatcher.scala:144)
	at org.apache.spark.rpc.netty.NettyRpcEnv.askAbortable(NettyRpcEnv.scala:242)
	at org.apache.spark.rpc.netty.NettyRpcEndpointRef.askAbortable(NettyRpcEnv.scala:555)
	at org.apache.spark.rpc.netty.NettyRpcEndpointRef.ask(NettyRpcEnv.scala:559)
	at org.apache.spark.rpc.RpcEndpointRef.ask(RpcEndpointRef.scala:74)
	at org.apache.spark.rpc.netty.NettyRpcEnv.asyncSetupEndpointRefByURI(NettyRpcEnv.scala:144)
	... 21 more
22/07/29 22:40:26 WARN NettyRpcEnv: Ignored failure: java.util.concurrent.RejectedExecutionException: Task java.util.concurrent.ScheduledThreadPoolExecutor$ScheduledFutureTask@4acd rejected from java.util.concurrent.ScheduledThreadPoolExecutor@2a64c374[Terminated, pool size = 0, active threads = 0, queued tasks = 0, completed tasks = 0]
Exception in thread "stream execution thread for [id = c0e5dda1-7bf1-4af5-8743-084bf905aa67, runId = 85be3dc7-9fcb-4e9b-88f2-1402e71b3a75]" org.apache.spark.SparkException: Exception thrown in awaitResult: 
	at org.apache.spark.util.ThreadUtils$.awaitResult(ThreadUtils.scala:301)
	at org.apache.spark.rpc.RpcTimeout.awaitResult(RpcTimeout.scala:75)
	at org.apache.spark.rpc.RpcEndpointRef.askSync(RpcEndpointRef.scala:103)
	at org.apache.spark.rpc.RpcEndpointRef.askSync(RpcEndpointRef.scala:87)
	at org.apache.spark.sql.execution.streaming.state.StateStoreCoordinatorRef.deactivateInstances(StateStoreCoordinator.scala:119)
	at org.apache.spark.sql.streaming.StreamingQueryManager.notifyQueryTermination(StreamingQueryManager.scala:402)
	at org.apache.spark.sql.execution.streaming.StreamExecution.$anonfun$runStream$3(StreamExecution.scala:352)
	at scala.runtime.java8.JFunction0$mcV$sp.apply(JFunction0$mcV$sp.java:23)
	at org.apache.spark.util.UninterruptibleThread.runUninterruptibly(UninterruptibleThread.scala:77)
	at org.apache.spark.sql.execution.streaming.StreamExecution.org$apache$spark$sql$execution$streaming$StreamExecution$$runStream(StreamExecution.scala:333)
	at org.apache.spark.sql.execution.streaming.StreamExecution$$anon$1.run(StreamExecution.scala:209)
Caused by: org.apache.spark.rpc.RpcEnvStoppedException: RpcEnv already stopped.
	at org.apache.spark.rpc.netty.Dispatcher.postMessage(Dispatcher.scala:176)
	at org.apache.spark.rpc.netty.Dispatcher.postLocalMessage(Dispatcher.scala:144)
	at org.apache.spark.rpc.netty.NettyRpcEnv.askAbortable(NettyRpcEnv.scala:242)
	at org.apache.spark.rpc.netty.NettyRpcEndpointRef.askAbortable(NettyRpcEnv.scala:555)
	at org.apache.spark.rpc.netty.NettyRpcEndpointRef.ask(NettyRpcEnv.scala:559)
	at org.apache.spark.rpc.RpcEndpointRef.askSync(RpcEndpointRef.scala:102)
	... 8 more
22/07/29 22:40:26 ERROR Utils: Aborting task
java.lang.NullPointerException
	at org.apache.spark.sql.execution.datasources.v2.DataWritingSparkTask$.$anonfun$run$1(WriteToDataSourceV2Exec.scala:425)
	at org.apache.spark.util.Utils$.tryWithSafeFinallyAndFailureCallbacks(Utils.scala:1496)
	at org.apache.spark.sql.execution.datasources.v2.DataWritingSparkTask$.run(WriteToDataSourceV2Exec.scala:457)
	at org.apache.spark.sql.execution.datasources.v2.V2TableWriteExec.$anonfun$writeWithV2$2(WriteToDataSourceV2Exec.scala:358)
	at org.apache.spark.scheduler.ResultTask.runTask(ResultTask.scala:90)
	at org.apache.spark.scheduler.Task.run(Task.scala:131)
	at org.apache.spark.executor.Executor$TaskRunner.$anonfun$run$3(Executor.scala:506)
	at org.apache.spark.util.Utils$.tryWithSafeFinally(Utils.scala:1462)
	at org.apache.spark.executor.Executor$TaskRunner.run(Executor.scala:509)
	at java.util.concurrent.ThreadPoolExecutor.runWorker(ThreadPoolExecutor.java:1149)
	at java.util.concurrent.ThreadPoolExecutor$Worker.run(ThreadPoolExecutor.java:624)
	at java.lang.Thread.run(Thread.java:750)
22/07/29 22:40:26 ERROR DataWritingSparkTask: Aborting commit for partition 185 (task 8438, attempt 0, stage 125.0)
22/07/29 22:40:26 ERROR DataWritingSparkTask: Aborted commit for partition 185 (task 8438, attempt 0, stage 125.0)
22/07/29 22:40:26 ERROR Utils: Uncaught exception in thread Executor task launch worker for task 185.0 in stage 125.0 (TID 8438)
java.lang.NullPointerException
	at org.apache.spark.scheduler.Task.$anonfun$run$2(Task.scala:152)
	at org.apache.spark.util.Utils$.tryLogNonFatalError(Utils.scala:1442)
	at org.apache.spark.scheduler.Task.run(Task.scala:150)
	at org.apache.spark.executor.Executor$TaskRunner.$anonfun$run$3(Executor.scala:506)
	at org.apache.spark.util.Utils$.tryWithSafeFinally(Utils.scala:1462)
	at org.apache.spark.executor.Executor$TaskRunner.run(Executor.scala:509)
	at java.util.concurrent.ThreadPoolExecutor.runWorker(ThreadPoolExecutor.java:1149)
	at java.util.concurrent.ThreadPoolExecutor$Worker.run(ThreadPoolExecutor.java:624)
	at java.lang.Thread.run(Thread.java:750)
22/07/29 22:40:26 ERROR Utils: Aborting task
java.lang.NullPointerException
	at org.apache.spark.sql.execution.datasources.v2.DataWritingSparkTask$.$anonfun$run$1(WriteToDataSourceV2Exec.scala:425)
	at org.apache.spark.util.Utils$.tryWithSafeFinallyAndFailureCallbacks(Utils.scala:1496)
	at org.apache.spark.sql.execution.datasources.v2.DataWritingSparkTask$.run(WriteToDataSourceV2Exec.scala:457)
	at org.apache.spark.sql.execution.datasources.v2.V2TableWriteExec.$anonfun$writeWithV2$2(WriteToDataSourceV2Exec.scala:358)
	at org.apache.spark.scheduler.ResultTask.runTask(ResultTask.scala:90)
	at org.apache.spark.scheduler.Task.run(Task.scala:131)
	at org.apache.spark.executor.Executor$TaskRunner.$anonfun$run$3(Executor.scala:506)
	at org.apache.spark.util.Utils$.tryWithSafeFinally(Utils.scala:1462)
	at org.apache.spark.executor.Executor$TaskRunner.run(Executor.scala:509)
	at java.util.concurrent.ThreadPoolExecutor.runWorker(ThreadPoolExecutor.java:1149)
	at java.util.concurrent.ThreadPoolExecutor$Worker.run(ThreadPoolExecutor.java:624)
	at java.lang.Thread.run(Thread.java:750)
22/07/29 22:40:26 ERROR DataWritingSparkTask: Aborting commit for partition 186 (task 8439, attempt 0, stage 125.0)
22/07/29 22:40:26 ERROR DataWritingSparkTask: Aborted commit for partition 186 (task 8439, attempt 0, stage 125.0)
22/07/29 22:40:26 ERROR Utils: Uncaught exception in thread Executor task launch worker for task 186.0 in stage 125.0 (TID 8439)
java.lang.NullPointerException
	at org.apache.spark.scheduler.Task.$anonfun$run$2(Task.scala:152)
	at org.apache.spark.util.Utils$.tryLogNonFatalError(Utils.scala:1442)
	at org.apache.spark.scheduler.Task.run(Task.scala:150)
	at org.apache.spark.executor.Executor$TaskRunner.$anonfun$run$3(Executor.scala:506)
	at org.apache.spark.util.Utils$.tryWithSafeFinally(Utils.scala:1462)
	at org.apache.spark.executor.Executor$TaskRunner.run(Executor.scala:509)
	at java.util.concurrent.ThreadPoolExecutor.runWorker(ThreadPoolExecutor.java:1149)
	at java.util.concurrent.ThreadPoolExecutor$Worker.run(ThreadPoolExecutor.java:624)
	at java.lang.Thread.run(Thread.java:750)
