Attaching to nd029-c2-apache-spark-and-spark-streaming-starter_spark-worker-1_1
[36mspark-worker-1_1  |[0m [38;5;6m [38;5;5m02:30:52.77 [0m
[36mspark-worker-1_1  |[0m [38;5;6m [38;5;5m02:30:52.77 [0m[1mWelcome to the Bitnami spark container[0m
[36mspark-worker-1_1  |[0m [38;5;6m [38;5;5m02:30:52.77 [0mSubscribe to project updates by watching [1mhttps://github.com/bitnami/bitnami-docker-spark[0m
[36mspark-worker-1_1  |[0m [38;5;6m [38;5;5m02:30:52.77 [0mSubmit issues and feature requests at [1mhttps://github.com/bitnami/bitnami-docker-spark/issues[0m
[36mspark-worker-1_1  |[0m [38;5;6m [38;5;5m02:30:52.77 [0m
[36mspark-worker-1_1  |[0m [38;5;6m [38;5;5m02:30:52.78 [0m[38;5;2mINFO [0m ==> ** Starting Spark setup **
[36mspark-worker-1_1  |[0m realpath: /bitnami/spark/conf: No such file or directory
[36mspark-worker-1_1  |[0m [38;5;6m [38;5;5m02:30:52.79 [0m[38;5;2mINFO [0m ==> Generating Spark configuration file...
[36mspark-worker-1_1  |[0m [38;5;6m [38;5;5m02:30:52.79 [0m[38;5;2mINFO [0m ==> ** Spark setup finished! **
[36mspark-worker-1_1  |[0m 
[36mspark-worker-1_1  |[0m [38;5;6m [38;5;5m02:30:52.80 [0m[38;5;2mINFO [0m ==> ** Starting Spark in worker mode **
[36mspark-worker-1_1  |[0m starting org.apache.spark.deploy.worker.Worker, logging to /opt/bitnami/spark/logs/spark--org.apache.spark.deploy.worker.Worker-1-bd7b53dd6f15.out
[36mspark-worker-1_1  |[0m Spark Command: /opt/bitnami/java/bin/java -cp /opt/bitnami/spark/conf/:/opt/bitnami/spark/jars/* -Xmx1g org.apache.spark.deploy.worker.Worker --webui-port 8081 spark://spark:7077
[36mspark-worker-1_1  |[0m ========================================
[36mspark-worker-1_1  |[0m Using Spark's default log4j profile: org/apache/spark/log4j-defaults.properties
[36mspark-worker-1_1  |[0m 22/07/30 02:30:53 INFO Worker: Started daemon with process name: 38@bd7b53dd6f15
[36mspark-worker-1_1  |[0m 22/07/30 02:30:53 INFO SignalUtils: Registering signal handler for TERM
[36mspark-worker-1_1  |[0m 22/07/30 02:30:53 INFO SignalUtils: Registering signal handler for HUP
[36mspark-worker-1_1  |[0m 22/07/30 02:30:53 INFO SignalUtils: Registering signal handler for INT
[36mspark-worker-1_1  |[0m 22/07/30 02:30:54 WARN NativeCodeLoader: Unable to load native-hadoop library for your platform... using builtin-java classes where applicable
[36mspark-worker-1_1  |[0m 22/07/30 02:30:54 INFO SecurityManager: Changing view acls to: spark
[36mspark-worker-1_1  |[0m 22/07/30 02:30:54 INFO SecurityManager: Changing modify acls to: spark
[36mspark-worker-1_1  |[0m 22/07/30 02:30:54 INFO SecurityManager: Changing view acls groups to: 
[36mspark-worker-1_1  |[0m 22/07/30 02:30:54 INFO SecurityManager: Changing modify acls groups to: 
[36mspark-worker-1_1  |[0m 22/07/30 02:30:54 INFO SecurityManager: SecurityManager: authentication disabled; ui acls disabled; users  with view permissions: Set(spark); groups with view permissions: Set(); users  with modify permissions: Set(spark); groups with modify permissions: Set()
[36mspark-worker-1_1  |[0m 22/07/30 02:30:55 INFO Utils: Successfully started service 'sparkWorker' on port 34579.
[36mspark-worker-1_1  |[0m 22/07/30 02:30:55 INFO Worker: Worker decommissioning not enabled.
[36mspark-worker-1_1  |[0m 22/07/30 02:30:55 INFO Worker: Starting Spark worker 172.20.0.4:34579 with 1 cores, 1024.0 MiB RAM
[36mspark-worker-1_1  |[0m 22/07/30 02:30:55 INFO Worker: Running Spark version 3.2.1
[36mspark-worker-1_1  |[0m 22/07/30 02:30:55 INFO Worker: Spark home: /opt/bitnami/spark
[36mspark-worker-1_1  |[0m 22/07/30 02:30:55 INFO ResourceUtils: ==============================================================
[36mspark-worker-1_1  |[0m 22/07/30 02:30:55 INFO ResourceUtils: No custom resources configured for spark.worker.
[36mspark-worker-1_1  |[0m 22/07/30 02:30:55 INFO ResourceUtils: ==============================================================
[36mspark-worker-1_1  |[0m 22/07/30 02:30:55 INFO Utils: Successfully started service 'WorkerUI' on port 8081.
[36mspark-worker-1_1  |[0m 22/07/30 02:30:55 INFO WorkerWebUI: Bound WorkerWebUI to 0.0.0.0, and started at http://bd7b53dd6f15:8081
[36mspark-worker-1_1  |[0m 22/07/30 02:30:55 INFO Worker: Connecting to master spark:7077...
[36mspark-worker-1_1  |[0m 22/07/30 02:30:55 INFO TransportClientFactory: Successfully created connection to spark/172.20.0.2:7077 after 56 ms (0 ms spent in bootstraps)
[36mspark-worker-1_1  |[0m 22/07/30 02:30:56 INFO Worker: Successfully registered with master spark://c8055d4b539e:7077
